#
# A fatal error has been detected by the Java Runtime Environment:
#
#  EXCEPTION_ACCESS_VIOLATION (0xc0000005) at pc=0x00007ffcb1233b53, pid=15092, tid=3976
#
# JRE version: OpenJDK Runtime Environment (22.0.2+9) (build 22.0.2+9-70)
# Java VM: OpenJDK 64-Bit Server VM (22.0.2+9-70, mixed mode, sharing, tiered, compressed oops, compressed class ptrs, g1 gc, windows-amd64)
# Problematic frame:
# C  [awt.dll+0xc3b53]
#
# No core dump will be written. Minidumps are not enabled by default on client versions of Windows
#
# If you would like to submit a bug report, please visit:
#   https://bugreport.java.com/bugreport/crash.jsp
# The crash happened outside the Java Virtual Machine in native code.
# See problematic frame for where to report the bug.
#

---------------  S U M M A R Y ------------

Command Line: AgriDVRVisualizer

Host: Intel(R) Core(TM) i5-8365U CPU @ 1.60GHz, 8 cores, 15G,  Windows 11 , 64 bit Build 26100 (10.0.26100.4768)
Time: Fri Aug 29 19:53:15 2025 India Standard Time elapsed time: 22605.872360 seconds (0d 6h 16m 45s)

---------------  T H R E A D  ---------------

Current thread (0x0000022845441bf0):  JavaThread "AWT-Windows" daemon [_thread_in_native, id=3976, stack(0x0000008628a00000,0x0000008628b00000) (1024K)]

Stack: [0x0000008628a00000,0x0000008628b00000],  sp=0x0000008628afe7f8,  free space=1017k
Native frames: (J=compiled Java code, j=interpreted, Vv=VM code, C=native code)
C  [awt.dll+0xc3b53]  (no source info available)

Java frames: (J=compiled Java code, j=interpreted, Vv=VM code)
j  sun.awt.windows.WToolkit.eventLoop()V+0 java.desktop@22.0.2
j  sun.awt.windows.WToolkit.run()V+50 java.desktop@22.0.2
j  java.lang.Thread.runWith(Ljava/lang/Object;Ljava/lang/Runnable;)V+5 java.base@22.0.2
j  java.lang.Thread.run()V+19 java.base@22.0.2
v  ~StubRoutines::call_stub 0x00000228633b100d

siginfo: EXCEPTION_ACCESS_VIOLATION (0xc0000005), reading address 0xffffffffffffffff


Registers:
RAX=0xffffffff8a010e68, RBX=0x0000022846b75370, RCX=0x656a624f2f676e61, RDX=0xffffffff8a010e68
RSP=0x0000008628afe7f8, RBP=0x0000008628afe909, RSI=0xffffffff8a010e68, RDI=0x0000000000000000
R8 =0x0000000000000001, R9 =0x0000008627145000, R10=0x0000000000000000, R11=0x0000000000000246
R12=0x0000000000000000, R13=0x0000000000000310, R14=0x0000000000000000, R15=0x0000000000000000
RIP=0x00007ffcb1233b53, EFLAGS=0x0000000000010202


Register to memory mapping:

RAX=0xffffffff8a010e68 is an unknown value
RBX=0x0000022846b75370 points into unknown readable memory: 0x000002284693d270 | 70 d2 93 46 28 02 00 00
RCX=0x656a624f2f676e61 is an unknown value
RDX=0xffffffff8a010e68 is an unknown value
RSP=0x0000008628afe7f8 is pointing into the stack for thread: 0x0000022845441bf0
RBP=0x0000008628afe909 is pointing into the stack for thread: 0x0000022845441bf0
RSI=0xffffffff8a010e68 is an unknown value
RDI=0x0 is null
R8 =0x0000000000000001 is an unknown value
R9 =0x0000008627145000 points into unknown readable memory: 0x0000000000000000 | 00 00 00 00 00 00 00 00
R10=0x0 is null
R11=0x0000000000000246 is an unknown value
R12=0x0 is null
R13=0x0000000000000310 is an unknown value
R14=0x0 is null
R15=0x0 is null

Top of Stack: (sp=0x0000008628afe7f8)
0x0000008628afe7f8:   00007ffcb124bb32 00007ffcb12a9848
0x0000008628afe808:   ffffffff8a010e68 0000000000000000
0x0000008628afe818:   00000228454c8210 0000000000000000
0x0000008628afe828:   00007ffcb12078bc ffffffff8a010e68
0x0000008628afe838:   00000228454c8210 0000022846b75370
0x0000008628afe848:   0000008628afeb78 00000228454c8210
0x0000008628afe858:   00007ffcb1207966 00007ffcb1170000
0x0000008628afe868:   0000000000000000 0000008628afe968
0x0000008628afe878:   00007ffcab633a08 00000228454c8210
0x0000008628afe888:   00007ffcb1204cb6 00000228454c8210
0x0000008628afe898:   0000000000000000 00007ffcb1207e40
0x0000008628afe8a8:   00007ffccae8c8ae 0000000000000000
0x0000008628afe8b8:   00007ffcca1718e9 0000008628afe960
0x0000008628afe8c8:   0000000000000001 0000000000000000
0x0000008628afe8d8:   0000008628afe968 0000000000000000
0x0000008628afe8e8:   0000000000000000 0000000000000000
0x0000008628afe8f8:   0000022845441fb0 00000228454c82b0
0x0000008628afe908:   0000000000000000 0000000000000000
0x0000008628afe918:   0000a6a704590d35 0000000000000000
0x0000008628afe928:   0000000000000000 0000000000000000
0x0000008628afe938:   0000000000000000 0000000000000000
0x0000008628afe948:   0000000000000310 0000000000000000
0x0000008628afe958:   00000228454c8210 00000228454c8210
0x0000008628afe968:   00007ffcb1250cac 0000000000000000
0x0000008628afe978:   0000064d40c4d87b 0000d859e3d8abca
0x0000008628afe988:   0000000000000022 000000000000c1a8
0x0000008628afe998:   0000000000000000 0000000000000000
0x0000008628afe9a8:   00007ffcca1483a9 0000000000000000
0x0000008628afe9b8:   0000000000000001 0000000000000022
0x0000008628afe9c8:   00007ffccaef314f 0000000000160584
0x0000008628afe9d8:   00007ffcca14968a ffffffffffffffeb
0x0000008628afe9e8:   0000a6a704590cd5 0000022851f52b40 

Instructions: (pc=0x00007ffcb1233b53)
0x00007ffcb1233a53:   00 00 0f 11 40 80 0f 10 41 a0 0f 11 48 90 0f 10
0x00007ffcb1233a63:   49 b0 0f 11 40 a0 0f 10 41 c0 0f 11 48 b0 0f 10
0x00007ffcb1233a73:   49 d0 0f 11 40 c0 0f 10 41 e0 0f 11 48 d0 0f 10
0x00007ffcb1233a83:   49 f0 0f 11 40 e0 0f 11 48 f0 48 83 ea 01 75 ad
0x00007ffcb1233a93:   0f 10 01 0f 10 49 10 0f 11 00 0f 10 41 20 0f 11
0x00007ffcb1233aa3:   48 10 0f 11 40 20 49 8b ce 41 c7 06 00 03 00 01
0x00007ffcb1233ab3:   bb 00 01 00 00 ff 15 5a eb 07 00 4c 8b c6 48 89
0x00007ffcb1233ac3:   86 08 0c 00 00 4c 2b c7 48 8d 57 02 90 0f b6 42
0x00007ffcb1233ad3:   ff 0f b6 4a fe 48 8d 52 04 c1 e1 08 0b c8 0f b6
0x00007ffcb1233ae3:   42 fc c1 e1 08 0b c8 81 c9 00 00 00 ff 41 89 4c
0x00007ffcb1233af3:   10 fa 48 83 eb 01 75 d5 49 8b ce e8 e5 78 02 00
0x00007ffcb1233b03:   48 8b 5c 24 30 48 8b c6 48 8b 74 24 38 48 8b 7c
0x00007ffcb1233b13:   24 40 48 83 c4 20 41 5e c3 cc cc cc cc 48 83 b9
0x00007ffcb1233b23:   08 0c 00 00 00 74 1c 83 3d bb 04 08 00 00 75 09
0x00007ffcb1233b33:   83 3d be 25 08 00 00 74 0a 48 8b ca 48 ff 25 ba
0x00007ffcb1233b43:   ea 07 00 c3 cc cc cc cc cc cc cc cc cc 48 8b c2
0x00007ffcb1233b53:   48 8b 91 08 0c 00 00 48 85 d2 74 0d 45 33 c0 48
0x00007ffcb1233b63:   8b c8 48 ff 25 8c ea 07 00 33 c0 c3 cc 48 89 5c
0x00007ffcb1233b73:   24 10 48 89 6c 24 18 48 89 74 24 20 57 41 54 41
0x00007ffcb1233b83:   55 41 56 41 57 48 81 ec 30 05 00 00 48 8b 05 52
0x00007ffcb1233b93:   dd 07 00 48 33 c4 48 89 84 24 20 05 00 00 48 8b
0x00007ffcb1233ba3:   f9 48 8b 89 10 0c 00 00 e8 30 72 01 00 48 8b f0
0x00007ffcb1233bb3:   48 85 c0 0f 84 61 03 00 00 ba 0c 00 00 00 48 8b
0x00007ffcb1233bc3:   c8 ff 15 36 eb 07 00 48 8b 8f 10 0c 00 00 48 8b
0x00007ffcb1233bd3:   d6 8b d8 e8 35 7a 01 00 83 fb 08 0f 85 39 03 00
0x00007ffcb1233be3:   00 48 8b 8f 10 0c 00 00 e8 f0 71 01 00 41 bd 00
0x00007ffcb1233bf3:   01 00 00 4c 8d 4c 24 20 45 8b c5 33 d2 48 8b c8
0x00007ffcb1233c03:   48 8b e8 ff 15 34 e9 07 00 45 33 e4 8b f0 85 c0
0x00007ffcb1233c13:   0f 8f e9 00 00 00 b9 08 04 00 00 e8 cd 77 02 00
0x00007ffcb1233c23:   48 8b d8 48 85 c0 75 08 41 8b f4 e9 cf 00 00 00
0x00007ffcb1233c33:   c7 00 00 03 00 01 41 8b cc 48 83 c0 05 88 48 ff
0x00007ffcb1233c43:   ff c1 66 44 89 20 c6 40 02 02 48 8d 40 04 41 3b 


Stack slot to memory mapping:

stack at sp + 0 slots: 0x00007ffcb124bb32 awt.dll
stack at sp + 1 slots: 0x00007ffcb12a9848 awt.dll
stack at sp + 2 slots: 0xffffffff8a010e68 is an unknown value
stack at sp + 3 slots: 0x0 is null
stack at sp + 4 slots: 0x00000228454c8210 points into unknown readable memory: 0x00007ffcb127b8e0 | e0 b8 27 b1 fc 7f 00 00
stack at sp + 5 slots: 0x0 is null
stack at sp + 6 slots: 0x00007ffcb12078bc awt.dll
stack at sp + 7 slots: 0xffffffff8a010e68 is an unknown value


---------------  P R O C E S S  ---------------

Threads class SMR info:
_java_thread_list=0x0000022848846970, length=16, elements={
0x0000022872b1eb20, 0x0000022872b1f390, 0x0000022872b2f1e0, 0x0000022872b2fab0,
0x0000022872b34d00, 0x00000228451401c0, 0x0000022845140f70, 0x0000022872b42890,
0x00000228452bfbb0, 0x00000228452c2a40, 0x000002284543d960, 0x0000022845440c10,
0x0000022845441bf0, 0x0000022845453bd0, 0x0000022853b39670, 0x00000228451f14e0
}

Java Threads: ( => current thread )
  0x0000022872b1eb20 JavaThread "Reference Handler"          daemon [_thread_blocked, id=10220, stack(0x0000008627e00000,0x0000008627f00000) (1024K)]
  0x0000022872b1f390 JavaThread "Finalizer"                  daemon [_thread_blocked, id=13284, stack(0x0000008627f00000,0x0000008628000000) (1024K)]
  0x0000022872b2f1e0 JavaThread "Signal Dispatcher"          daemon [_thread_blocked, id=5816, stack(0x0000008628000000,0x0000008628100000) (1024K)]
  0x0000022872b2fab0 JavaThread "Attach Listener"            daemon [_thread_blocked, id=6612, stack(0x0000008628100000,0x0000008628200000) (1024K)]
  0x0000022872b34d00 JavaThread "Service Thread"             daemon [_thread_blocked, id=1780, stack(0x0000008628200000,0x0000008628300000) (1024K)]
  0x00000228451401c0 JavaThread "Monitor Deflation Thread"   daemon [_thread_blocked, id=14576, stack(0x0000008628300000,0x0000008628400000) (1024K)]
  0x0000022845140f70 JavaThread "C2 CompilerThread0"         daemon [_thread_blocked, id=15208, stack(0x0000008628400000,0x0000008628500000) (1024K)]
  0x0000022872b42890 JavaThread "C1 CompilerThread0"         daemon [_thread_blocked, id=10708, stack(0x0000008628500000,0x0000008628600000) (1024K)]
  0x00000228452bfbb0 JavaThread "Notification Thread"        daemon [_thread_blocked, id=13884, stack(0x0000008628600000,0x0000008628700000) (1024K)]
  0x00000228452c2a40 JavaThread "Common-Cleaner"             daemon [_thread_blocked, id=12992, stack(0x0000008628700000,0x0000008628800000) (1024K)]
  0x000002284543d960 JavaThread "Java2D Disposer"            daemon [_thread_blocked, id=10580, stack(0x0000008628800000,0x0000008628900000) (1024K)]
  0x0000022845440c10 JavaThread "AWT-Shutdown"                      [_thread_blocked, id=11052, stack(0x0000008628900000,0x0000008628a00000) (1024K)]
=>0x0000022845441bf0 JavaThread "AWT-Windows"                daemon [_thread_in_native, id=3976, stack(0x0000008628a00000,0x0000008628b00000) (1024K)]
  0x0000022845453bd0 JavaThread "AWT-EventQueue-0"                  [_thread_in_native, id=12636, stack(0x0000008628b00000,0x0000008628c00000) (1024K)]
  0x0000022853b39670 JavaThread "DestroyJavaVM"                     [_thread_blocked, id=1688, stack(0x0000008627600000,0x0000008627700000) (1024K)]
  0x00000228451f14e0 JavaThread "TimerQueue"                 daemon [_thread_blocked, id=3592, stack(0x0000008628f00000,0x0000008629000000) (1024K)]
Total: 16

Other Threads:
  0x0000022872b03b10 VMThread "VM Thread"                           [id=13388, stack(0x0000008627d00000,0x0000008627e00000) (1024K)]
  0x0000022872aedae0 WatcherThread "VM Periodic Task Thread"        [id=13260, stack(0x0000008627c00000,0x0000008627d00000) (1024K)]
  0x0000022853b9f1d0 WorkerThread "GC Thread#0"                     [id=10024, stack(0x0000008627700000,0x0000008627800000) (1024K)]
  0x00000228487013f0 WorkerThread "GC Thread#1"                     [id=4560, stack(0x0000008629000000,0x0000008629100000) (1024K)]
  0x00000228486d1010 WorkerThread "GC Thread#2"                     [id=10064, stack(0x0000008629100000,0x0000008629200000) (1024K)]
  0x000002284694ede0 WorkerThread "GC Thread#3"                     [id=2848, stack(0x0000008629200000,0x0000008629300000) (1024K)]
  0x000002284694f190 WorkerThread "GC Thread#4"                     [id=3648, stack(0x0000008629300000,0x0000008629400000) (1024K)]
  0x0000022848ed3b20 WorkerThread "GC Thread#5"                     [id=1504, stack(0x0000008629400000,0x0000008629500000) (1024K)]
  0x00000228485460d0 WorkerThread "GC Thread#6"                     [id=15032, stack(0x0000008629500000,0x0000008629600000) (1024K)]
  0x0000022848547490 WorkerThread "GC Thread#7"                     [id=7232, stack(0x0000008629600000,0x0000008629700000) (1024K)]
  0x0000022853bb0f80 ConcurrentGCThread "G1 Main Marker"            [id=5276, stack(0x0000008627800000,0x0000008627900000) (1024K)]
  0x0000022853bb2910 WorkerThread "G1 Conc#0"                       [id=14488, stack(0x0000008627900000,0x0000008627a00000) (1024K)]
  0x00000228729b75c0 ConcurrentGCThread "G1 Refine#0"               [id=8156, stack(0x0000008627a00000,0x0000008627b00000) (1024K)]
  0x00000228729b8c00 ConcurrentGCThread "G1 Service"                [id=15212, stack(0x0000008627b00000,0x0000008627c00000) (1024K)]
Total: 14

Threads with active compile tasks:
Total: 0

VM state: not at safepoint (normal execution)

VM Mutex/Monitor currently owned by a thread: None

Heap address: 0x0000000702e00000, size: 4050 MB, Compressed Oops mode: Zero based, Oop shift amount: 3

CDS archive(s) mapped at: [0x0000022800000000-0x0000022800c60000-0x0000022800c60000), size 12976128, SharedBaseAddress: 0x0000022800000000, ArchiveRelocationMode: 1.
Compressed class space mapped at: 0x0000022801000000-0x0000022841000000, reserved size: 1073741824
Narrow klass base: 0x0000022800000000, Narrow klass shift: 0, Narrow klass range: 0x41000000

GC Precious Log:
 CardTable entry size: 512
 Card Set container configuration: InlinePtr #cards 4 size 8 Array Of Cards #cards 16 size 48 Howl #buckets 8 coarsen threshold 3686 Howl Bitmap #cards 512 size 80 coarsen threshold 460 Card regions per heap region 1 cards per card region 4096
 CPUs: 8 total, 8 available
 Memory: 16194M
 Large Page Support: Disabled
 NUMA Support: Disabled
 Compressed Oops: Enabled (Zero based)
 Heap Region Size: 2M
 Heap Min Capacity: 8M
 Heap Initial Capacity: 254M
 Heap Max Capacity: 4050M
 Pre-touch: Disabled
 Parallel Workers: 8
 Concurrent Workers: 2
 Concurrent Refinement Workers: 8
 Periodic GC: Disabled

Heap:
 garbage-first heap   total reserved 4147200K, committed 260096K, used 112996K [0x0000000702e00000, 0x0000000800000000)
  region size 2048K, 53 young (108544K), 2 survivors (4096K)
 Metaspace       used 9483K, committed 9664K, reserved 1114112K
  class space    used 978K, committed 1024K, reserved 1048576K

Heap Regions: E=young(eden), S=young(survivor), O=old, HS=humongous(starts), HC=humongous(continues), CS=collection set, F=free, TAMS=top-at-mark-start, PB=parsable bottom
|   0|0x0000000702e00000, 0x0000000702e00000, 0x0000000703000000|  0%| F|  |TAMS 0x0000000702e00000| PB 0x0000000702e00000| Untracked |  0
|   1|0x0000000703000000, 0x0000000703000000, 0x0000000703200000|  0%| F|  |TAMS 0x0000000703000000| PB 0x0000000703000000| Untracked |  0
|   2|0x0000000703200000, 0x0000000703200000, 0x0000000703400000|  0%| F|  |TAMS 0x0000000703200000| PB 0x0000000703200000| Untracked |  0
|   3|0x0000000703400000, 0x0000000703400000, 0x0000000703600000|  0%| F|  |TAMS 0x0000000703400000| PB 0x0000000703400000| Untracked |  0
|   4|0x0000000703600000, 0x0000000703800000, 0x0000000703800000|100%|HS|  |TAMS 0x0000000703600000| PB 0x0000000703600000| Complete |  0
|   5|0x0000000703800000, 0x0000000703a00000, 0x0000000703a00000|100%|HC|  |TAMS 0x0000000703800000| PB 0x0000000703800000| Complete |  0
|   6|0x0000000703a00000, 0x0000000703c00000, 0x0000000703c00000|100%|HC|  |TAMS 0x0000000703a00000| PB 0x0000000703a00000| Complete |  0
|   7|0x0000000703c00000, 0x0000000703e00000, 0x0000000703e00000|100%|HC|  |TAMS 0x0000000703c00000| PB 0x0000000703c00000| Complete |  0
|   8|0x0000000703e00000, 0x0000000703e00000, 0x0000000704000000|  0%| F|  |TAMS 0x0000000703e00000| PB 0x0000000703e00000| Untracked |  0
|   9|0x0000000704000000, 0x0000000704000000, 0x0000000704200000|  0%| F|  |TAMS 0x0000000704000000| PB 0x0000000704000000| Untracked |  0
|  10|0x0000000704200000, 0x0000000704200000, 0x0000000704400000|  0%| F|  |TAMS 0x0000000704200000| PB 0x0000000704200000| Untracked |  0
|  11|0x0000000704400000, 0x0000000704400000, 0x0000000704600000|  0%| F|  |TAMS 0x0000000704400000| PB 0x0000000704400000| Untracked |  0
|  12|0x0000000704600000, 0x0000000704600000, 0x0000000704800000|  0%| F|  |TAMS 0x0000000704600000| PB 0x0000000704600000| Untracked |  0
|  13|0x0000000704800000, 0x0000000704800000, 0x0000000704a00000|  0%| F|  |TAMS 0x0000000704800000| PB 0x0000000704800000| Untracked |  0
|  14|0x0000000704a00000, 0x0000000704a00000, 0x0000000704c00000|  0%| F|  |TAMS 0x0000000704a00000| PB 0x0000000704a00000| Untracked |  0
|  15|0x0000000704c00000, 0x0000000704c00000, 0x0000000704e00000|  0%| F|  |TAMS 0x0000000704c00000| PB 0x0000000704c00000| Untracked |  0
|  16|0x0000000704e00000, 0x0000000704e00000, 0x0000000705000000|  0%| F|  |TAMS 0x0000000704e00000| PB 0x0000000704e00000| Untracked |  0
|  17|0x0000000705000000, 0x0000000705000000, 0x0000000705200000|  0%| F|  |TAMS 0x0000000705000000| PB 0x0000000705000000| Untracked |  0
|  18|0x0000000705200000, 0x0000000705200000, 0x0000000705400000|  0%| F|  |TAMS 0x0000000705200000| PB 0x0000000705200000| Untracked |  0
|  19|0x0000000705400000, 0x0000000705400000, 0x0000000705600000|  0%| F|  |TAMS 0x0000000705400000| PB 0x0000000705400000| Untracked |  0
|  20|0x0000000705600000, 0x0000000705600000, 0x0000000705800000|  0%| F|  |TAMS 0x0000000705600000| PB 0x0000000705600000| Untracked |  0
|  21|0x0000000705800000, 0x0000000705800000, 0x0000000705a00000|  0%| F|  |TAMS 0x0000000705800000| PB 0x0000000705800000| Untracked |  0
|  22|0x0000000705a00000, 0x0000000705a00000, 0x0000000705c00000|  0%| F|  |TAMS 0x0000000705a00000| PB 0x0000000705a00000| Untracked |  0
|  23|0x0000000705c00000, 0x0000000705c00000, 0x0000000705e00000|  0%| F|  |TAMS 0x0000000705c00000| PB 0x0000000705c00000| Untracked |  0
|  24|0x0000000705e00000, 0x0000000705e00000, 0x0000000706000000|  0%| F|  |TAMS 0x0000000705e00000| PB 0x0000000705e00000| Untracked |  0
|  25|0x0000000706000000, 0x0000000706000000, 0x0000000706200000|  0%| F|  |TAMS 0x0000000706000000| PB 0x0000000706000000| Untracked |  0
|  26|0x0000000706200000, 0x0000000706200000, 0x0000000706400000|  0%| F|  |TAMS 0x0000000706200000| PB 0x0000000706200000| Untracked |  0
|  27|0x0000000706400000, 0x0000000706400000, 0x0000000706600000|  0%| F|  |TAMS 0x0000000706400000| PB 0x0000000706400000| Untracked |  0
|  28|0x0000000706600000, 0x0000000706600000, 0x0000000706800000|  0%| F|  |TAMS 0x0000000706600000| PB 0x0000000706600000| Untracked |  0
|  29|0x0000000706800000, 0x0000000706800000, 0x0000000706a00000|  0%| F|  |TAMS 0x0000000706800000| PB 0x0000000706800000| Untracked |  0
|  30|0x0000000706a00000, 0x0000000706a00000, 0x0000000706c00000|  0%| F|  |TAMS 0x0000000706a00000| PB 0x0000000706a00000| Untracked |  0
|  31|0x0000000706c00000, 0x0000000706c00000, 0x0000000706e00000|  0%| F|  |TAMS 0x0000000706c00000| PB 0x0000000706c00000| Untracked |  0
|  32|0x0000000706e00000, 0x0000000706e00000, 0x0000000707000000|  0%| F|  |TAMS 0x0000000706e00000| PB 0x0000000706e00000| Untracked |  0
|  33|0x0000000707000000, 0x0000000707000000, 0x0000000707200000|  0%| F|  |TAMS 0x0000000707000000| PB 0x0000000707000000| Untracked |  0
|  34|0x0000000707200000, 0x0000000707200000, 0x0000000707400000|  0%| F|  |TAMS 0x0000000707200000| PB 0x0000000707200000| Untracked |  0
|  35|0x0000000707400000, 0x0000000707400000, 0x0000000707600000|  0%| F|  |TAMS 0x0000000707400000| PB 0x0000000707400000| Untracked |  0
|  36|0x0000000707600000, 0x0000000707600000, 0x0000000707800000|  0%| F|  |TAMS 0x0000000707600000| PB 0x0000000707600000| Untracked |  0
|  37|0x0000000707800000, 0x0000000707800000, 0x0000000707a00000|  0%| F|  |TAMS 0x0000000707800000| PB 0x0000000707800000| Untracked |  0
|  38|0x0000000707a00000, 0x0000000707a00000, 0x0000000707c00000|  0%| F|  |TAMS 0x0000000707a00000| PB 0x0000000707a00000| Untracked |  0
|  39|0x0000000707c00000, 0x0000000707c00000, 0x0000000707e00000|  0%| F|  |TAMS 0x0000000707c00000| PB 0x0000000707c00000| Untracked |  0
|  40|0x0000000707e00000, 0x0000000707e00000, 0x0000000708000000|  0%| F|  |TAMS 0x0000000707e00000| PB 0x0000000707e00000| Untracked |  0
|  41|0x0000000708000000, 0x0000000708000000, 0x0000000708200000|  0%| F|  |TAMS 0x0000000708000000| PB 0x0000000708000000| Untracked |  0
|  42|0x0000000708200000, 0x0000000708200000, 0x0000000708400000|  0%| F|  |TAMS 0x0000000708200000| PB 0x0000000708200000| Untracked |  0
|  43|0x0000000708400000, 0x0000000708400000, 0x0000000708600000|  0%| F|  |TAMS 0x0000000708400000| PB 0x0000000708400000| Untracked |  0
|  44|0x0000000708600000, 0x0000000708600000, 0x0000000708800000|  0%| F|  |TAMS 0x0000000708600000| PB 0x0000000708600000| Untracked |  0
|  45|0x0000000708800000, 0x0000000708800000, 0x0000000708a00000|  0%| F|  |TAMS 0x0000000708800000| PB 0x0000000708800000| Untracked |  0
|  46|0x0000000708a00000, 0x0000000708a00000, 0x0000000708c00000|  0%| F|  |TAMS 0x0000000708a00000| PB 0x0000000708a00000| Untracked |  0
|  47|0x0000000708c00000, 0x0000000708c00000, 0x0000000708e00000|  0%| F|  |TAMS 0x0000000708c00000| PB 0x0000000708c00000| Untracked |  0
|  48|0x0000000708e00000, 0x0000000708e00000, 0x0000000709000000|  0%| F|  |TAMS 0x0000000708e00000| PB 0x0000000708e00000| Untracked |  0
|  49|0x0000000709000000, 0x00000007090593d0, 0x0000000709200000| 17%| S|CS|TAMS 0x0000000709000000| PB 0x0000000709000000| Complete |  0
|  50|0x0000000709200000, 0x0000000709400000, 0x0000000709400000|100%| S|CS|TAMS 0x0000000709200000| PB 0x0000000709200000| Complete |  0
|  51|0x0000000709400000, 0x0000000709400000, 0x0000000709600000|  0%| F|  |TAMS 0x0000000709400000| PB 0x0000000709400000| Untracked |  0
|  52|0x0000000709600000, 0x0000000709600000, 0x0000000709800000|  0%| F|  |TAMS 0x0000000709600000| PB 0x0000000709600000| Untracked |  0
|  53|0x0000000709800000, 0x0000000709800000, 0x0000000709a00000|  0%| F|  |TAMS 0x0000000709800000| PB 0x0000000709800000| Untracked |  0
|  54|0x0000000709a00000, 0x0000000709a00000, 0x0000000709c00000|  0%| F|  |TAMS 0x0000000709a00000| PB 0x0000000709a00000| Untracked |  0
|  55|0x0000000709c00000, 0x0000000709c00000, 0x0000000709e00000|  0%| F|  |TAMS 0x0000000709c00000| PB 0x0000000709c00000| Untracked |  0
|  56|0x0000000709e00000, 0x0000000709e00000, 0x000000070a000000|  0%| F|  |TAMS 0x0000000709e00000| PB 0x0000000709e00000| Untracked |  0
|  57|0x000000070a000000, 0x000000070a000000, 0x000000070a200000|  0%| F|  |TAMS 0x000000070a000000| PB 0x000000070a000000| Untracked |  0
|  58|0x000000070a200000, 0x000000070a200000, 0x000000070a400000|  0%| F|  |TAMS 0x000000070a200000| PB 0x000000070a200000| Untracked |  0
|  59|0x000000070a400000, 0x000000070a400000, 0x000000070a600000|  0%| F|  |TAMS 0x000000070a400000| PB 0x000000070a400000| Untracked |  0
|  60|0x000000070a600000, 0x000000070a600000, 0x000000070a800000|  0%| F|  |TAMS 0x000000070a600000| PB 0x000000070a600000| Untracked |  0
|  61|0x000000070a800000, 0x000000070a800000, 0x000000070aa00000|  0%| F|  |TAMS 0x000000070a800000| PB 0x000000070a800000| Untracked |  0
|  62|0x000000070aa00000, 0x000000070aa00000, 0x000000070ac00000|  0%| F|  |TAMS 0x000000070aa00000| PB 0x000000070aa00000| Untracked |  0
|  63|0x000000070ac00000, 0x000000070ac00000, 0x000000070ae00000|  0%| F|  |TAMS 0x000000070ac00000| PB 0x000000070ac00000| Untracked |  0
|  64|0x000000070ae00000, 0x000000070ae00000, 0x000000070b000000|  0%| F|  |TAMS 0x000000070ae00000| PB 0x000000070ae00000| Untracked |  0
|  65|0x000000070b000000, 0x000000070b000000, 0x000000070b200000|  0%| F|  |TAMS 0x000000070b000000| PB 0x000000070b000000| Untracked |  0
|  66|0x000000070b200000, 0x000000070b200000, 0x000000070b400000|  0%| F|  |TAMS 0x000000070b200000| PB 0x000000070b200000| Untracked |  0
|  67|0x000000070b400000, 0x000000070b400000, 0x000000070b600000|  0%| F|  |TAMS 0x000000070b400000| PB 0x000000070b400000| Untracked |  0
|  68|0x000000070b600000, 0x000000070b600000, 0x000000070b800000|  0%| F|  |TAMS 0x000000070b600000| PB 0x000000070b600000| Untracked |  0
|  69|0x000000070b800000, 0x000000070b800000, 0x000000070ba00000|  0%| F|  |TAMS 0x000000070b800000| PB 0x000000070b800000| Untracked |  0
|  70|0x000000070ba00000, 0x000000070ba00000, 0x000000070bc00000|  0%| F|  |TAMS 0x000000070ba00000| PB 0x000000070ba00000| Untracked |  0
|  71|0x000000070bc00000, 0x000000070bc00000, 0x000000070be00000|  0%| F|  |TAMS 0x000000070bc00000| PB 0x000000070bc00000| Untracked |  0
|  72|0x000000070be00000, 0x000000070be00000, 0x000000070c000000|  0%| F|  |TAMS 0x000000070be00000| PB 0x000000070be00000| Untracked |  0
|  73|0x000000070c000000, 0x000000070c000000, 0x000000070c200000|  0%| F|  |TAMS 0x000000070c000000| PB 0x000000070c000000| Untracked |  0
|  74|0x000000070c200000, 0x000000070c200000, 0x000000070c400000|  0%| F|  |TAMS 0x000000070c200000| PB 0x000000070c200000| Untracked |  0
|  75|0x000000070c400000, 0x000000070c400000, 0x000000070c600000|  0%| F|  |TAMS 0x000000070c400000| PB 0x000000070c400000| Untracked |  0
|  76|0x000000070c600000, 0x000000070c768180, 0x000000070c800000| 70%| E|  |TAMS 0x000000070c600000| PB 0x000000070c600000| Complete |  0
|  77|0x000000070c800000, 0x000000070ca00000, 0x000000070ca00000|100%| E|CS|TAMS 0x000000070c800000| PB 0x000000070c800000| Complete |  0
|  78|0x000000070ca00000, 0x000000070cc00000, 0x000000070cc00000|100%| E|CS|TAMS 0x000000070ca00000| PB 0x000000070ca00000| Complete |  0
|  79|0x000000070cc00000, 0x000000070ce00000, 0x000000070ce00000|100%| E|CS|TAMS 0x000000070cc00000| PB 0x000000070cc00000| Complete |  0
|  80|0x000000070ce00000, 0x000000070d000000, 0x000000070d000000|100%| E|CS|TAMS 0x000000070ce00000| PB 0x000000070ce00000| Complete |  0
|  81|0x000000070d000000, 0x000000070d200000, 0x000000070d200000|100%| E|CS|TAMS 0x000000070d000000| PB 0x000000070d000000| Complete |  0
|  82|0x000000070d200000, 0x000000070d400000, 0x000000070d400000|100%| E|CS|TAMS 0x000000070d200000| PB 0x000000070d200000| Complete |  0
|  83|0x000000070d400000, 0x000000070d600000, 0x000000070d600000|100%| E|CS|TAMS 0x000000070d400000| PB 0x000000070d400000| Complete |  0
|  84|0x000000070d600000, 0x000000070d800000, 0x000000070d800000|100%| E|CS|TAMS 0x000000070d600000| PB 0x000000070d600000| Complete |  0
|  85|0x000000070d800000, 0x000000070da00000, 0x000000070da00000|100%| E|CS|TAMS 0x000000070d800000| PB 0x000000070d800000| Complete |  0
|  86|0x000000070da00000, 0x000000070dc00000, 0x000000070dc00000|100%| E|CS|TAMS 0x000000070da00000| PB 0x000000070da00000| Complete |  0
|  87|0x000000070dc00000, 0x000000070de00000, 0x000000070de00000|100%| E|CS|TAMS 0x000000070dc00000| PB 0x000000070dc00000| Complete |  0
|  88|0x000000070de00000, 0x000000070e000000, 0x000000070e000000|100%| E|CS|TAMS 0x000000070de00000| PB 0x000000070de00000| Complete |  0
|  89|0x000000070e000000, 0x000000070e200000, 0x000000070e200000|100%| E|CS|TAMS 0x000000070e000000| PB 0x000000070e000000| Complete |  0
|  90|0x000000070e200000, 0x000000070e400000, 0x000000070e400000|100%| E|CS|TAMS 0x000000070e200000| PB 0x000000070e200000| Complete |  0
|  91|0x000000070e400000, 0x000000070e600000, 0x000000070e600000|100%| E|CS|TAMS 0x000000070e400000| PB 0x000000070e400000| Complete |  0
|  92|0x000000070e600000, 0x000000070e800000, 0x000000070e800000|100%| E|CS|TAMS 0x000000070e600000| PB 0x000000070e600000| Complete |  0
|  93|0x000000070e800000, 0x000000070ea00000, 0x000000070ea00000|100%| E|CS|TAMS 0x000000070e800000| PB 0x000000070e800000| Complete |  0
|  94|0x000000070ea00000, 0x000000070ec00000, 0x000000070ec00000|100%| E|CS|TAMS 0x000000070ea00000| PB 0x000000070ea00000| Complete |  0
|  95|0x000000070ec00000, 0x000000070ee00000, 0x000000070ee00000|100%| E|CS|TAMS 0x000000070ec00000| PB 0x000000070ec00000| Complete |  0
|  96|0x000000070ee00000, 0x000000070f000000, 0x000000070f000000|100%| E|CS|TAMS 0x000000070ee00000| PB 0x000000070ee00000| Complete |  0
|  97|0x000000070f000000, 0x000000070f200000, 0x000000070f200000|100%| E|CS|TAMS 0x000000070f000000| PB 0x000000070f000000| Complete |  0
|  98|0x000000070f200000, 0x000000070f400000, 0x000000070f400000|100%| E|CS|TAMS 0x000000070f200000| PB 0x000000070f200000| Complete |  0
|  99|0x000000070f400000, 0x000000070f600000, 0x000000070f600000|100%| E|CS|TAMS 0x000000070f400000| PB 0x000000070f400000| Complete |  0
| 100|0x000000070f600000, 0x000000070f800000, 0x000000070f800000|100%| E|CS|TAMS 0x000000070f600000| PB 0x000000070f600000| Complete |  0
| 101|0x000000070f800000, 0x000000070fa00000, 0x000000070fa00000|100%| E|CS|TAMS 0x000000070f800000| PB 0x000000070f800000| Complete |  0
| 102|0x000000070fa00000, 0x000000070fc00000, 0x000000070fc00000|100%| E|CS|TAMS 0x000000070fa00000| PB 0x000000070fa00000| Complete |  0
| 103|0x000000070fc00000, 0x000000070fe00000, 0x000000070fe00000|100%| E|CS|TAMS 0x000000070fc00000| PB 0x000000070fc00000| Complete |  0
| 104|0x000000070fe00000, 0x0000000710000000, 0x0000000710000000|100%| E|CS|TAMS 0x000000070fe00000| PB 0x000000070fe00000| Complete |  0
| 105|0x0000000710000000, 0x0000000710200000, 0x0000000710200000|100%| E|CS|TAMS 0x0000000710000000| PB 0x0000000710000000| Complete |  0
| 106|0x0000000710200000, 0x0000000710400000, 0x0000000710400000|100%| E|CS|TAMS 0x0000000710200000| PB 0x0000000710200000| Complete |  0
| 107|0x0000000710400000, 0x0000000710600000, 0x0000000710600000|100%| E|CS|TAMS 0x0000000710400000| PB 0x0000000710400000| Complete |  0
| 108|0x0000000710600000, 0x0000000710800000, 0x0000000710800000|100%| E|CS|TAMS 0x0000000710600000| PB 0x0000000710600000| Complete |  0
| 109|0x0000000710800000, 0x0000000710a00000, 0x0000000710a00000|100%| E|CS|TAMS 0x0000000710800000| PB 0x0000000710800000| Complete |  0
| 110|0x0000000710a00000, 0x0000000710c00000, 0x0000000710c00000|100%| E|CS|TAMS 0x0000000710a00000| PB 0x0000000710a00000| Complete |  0
| 111|0x0000000710c00000, 0x0000000710e00000, 0x0000000710e00000|100%| E|CS|TAMS 0x0000000710c00000| PB 0x0000000710c00000| Complete |  0
| 112|0x0000000710e00000, 0x0000000711000000, 0x0000000711000000|100%| E|CS|TAMS 0x0000000710e00000| PB 0x0000000710e00000| Complete |  0
| 113|0x0000000711000000, 0x0000000711200000, 0x0000000711200000|100%| E|CS|TAMS 0x0000000711000000| PB 0x0000000711000000| Complete |  0
| 114|0x0000000711200000, 0x0000000711400000, 0x0000000711400000|100%| E|CS|TAMS 0x0000000711200000| PB 0x0000000711200000| Complete |  0
| 115|0x0000000711400000, 0x0000000711600000, 0x0000000711600000|100%| E|CS|TAMS 0x0000000711400000| PB 0x0000000711400000| Complete |  0
| 116|0x0000000711600000, 0x0000000711800000, 0x0000000711800000|100%| E|CS|TAMS 0x0000000711600000| PB 0x0000000711600000| Complete |  0
| 117|0x0000000711800000, 0x0000000711a00000, 0x0000000711a00000|100%| E|CS|TAMS 0x0000000711800000| PB 0x0000000711800000| Complete |  0
| 118|0x0000000711a00000, 0x0000000711c00000, 0x0000000711c00000|100%| E|CS|TAMS 0x0000000711a00000| PB 0x0000000711a00000| Complete |  0
| 119|0x0000000711c00000, 0x0000000711e00000, 0x0000000711e00000|100%| E|CS|TAMS 0x0000000711c00000| PB 0x0000000711c00000| Complete |  0
| 120|0x0000000711e00000, 0x0000000712000000, 0x0000000712000000|100%| E|CS|TAMS 0x0000000711e00000| PB 0x0000000711e00000| Complete |  0
| 121|0x0000000712000000, 0x0000000712200000, 0x0000000712200000|100%| E|CS|TAMS 0x0000000712000000| PB 0x0000000712000000| Complete |  0
| 122|0x0000000712200000, 0x0000000712400000, 0x0000000712400000|100%| E|CS|TAMS 0x0000000712200000| PB 0x0000000712200000| Complete |  0
| 123|0x0000000712400000, 0x0000000712600000, 0x0000000712600000|100%| E|CS|TAMS 0x0000000712400000| PB 0x0000000712400000| Complete |  0
| 124|0x0000000712600000, 0x0000000712800000, 0x0000000712800000|100%| E|CS|TAMS 0x0000000712600000| PB 0x0000000712600000| Complete |  0
| 125|0x0000000712800000, 0x0000000712a00000, 0x0000000712a00000|100%| E|CS|TAMS 0x0000000712800000| PB 0x0000000712800000| Complete |  0
| 126|0x0000000712a00000, 0x0000000712c00000, 0x0000000712c00000|100%| E|CS|TAMS 0x0000000712a00000| PB 0x0000000712a00000| Complete |  0

Card table byte_map: [0x000002286b9a0000,0x000002286c190000] _byte_map_base: 0x0000022868189000

Marking Bits: (CMBitMap*) 0x0000022853b9f8e0
 Bits: [0x000002286c190000, 0x00000228700d8000)

Polling page: 0x0000022851a40000

Metaspace:

Usage:
  Non-class:      8.31 MB used.
      Class:    978.91 KB used.
       Both:      9.26 MB used.

Virtual space:
  Non-class space:       64.00 MB reserved,       8.44 MB ( 13%) committed,  1 nodes.
      Class space:        1.00 GB reserved,       1.00 MB ( <1%) committed,  1 nodes.
             Both:        1.06 GB reserved,       9.44 MB ( <1%) committed. 

Chunk freelists:
   Non-Class:  6.98 MB
       Class:  15.00 MB
        Both:  21.98 MB

MaxMetaspaceSize: unlimited
CompressedClassSpaceSize: 1.00 GB
Initial GC threshold: 21.00 MB
Current GC threshold: 21.00 MB
CDS: on
 - commit_granule_bytes: 65536.
 - commit_granule_words: 8192.
 - virtual_space_node_default_size: 8388608.
 - enlarge_chunks_in_place: 1.
 - use_allocation_guard: 0.


Internal statistics:

num_allocs_failed_limit: 0.
num_arena_births: 144.
num_arena_deaths: 0.
num_vsnodes_births: 2.
num_vsnodes_deaths: 0.
num_space_committed: 151.
num_space_uncommitted: 0.
num_chunks_returned_to_freelist: 0.
num_chunks_taken_from_freelist: 190.
num_chunk_merges: 0.
num_chunk_splits: 111.
num_chunks_enlarged: 47.
num_inconsistent_stats: 0.

CodeHeap 'non-profiled nmethods': size=120000Kb used=2984Kb max_used=2984Kb free=117015Kb
 bounds [0x0000022863950000, 0x0000022863c40000, 0x000002286ae80000]
CodeHeap 'profiled nmethods': size=120000Kb used=4604Kb max_used=4604Kb free=115396Kb
 bounds [0x000002285be80000, 0x000002285c300000, 0x00000228633b0000]
CodeHeap 'non-nmethods': size=5760Kb used=1586Kb max_used=1681Kb free=4173Kb
 bounds [0x00000228633b0000, 0x0000022863620000, 0x0000022863950000]
 total_blobs=3388 nmethods=2746 adapters=546
 compilation: enabled
              stopped_count=0, restarted_count=0
 full_count=0

Compilation events (20 events):
Event: 21281.455 Thread 0x0000022872b42890 2730 %     3       java.awt.EventDispatchThread::pumpEventsForFilter @ 10 (47 bytes)
Event: 21281.456 Thread 0x0000022872b42890 nmethod 2730% 0x000002285c2f2c90 code [0x000002285c2f2e80, 0x000002285c2f33c8]
Event: 21344.670 Thread 0x0000022845140f70 2731       4       java.lang.Integer::equals (29 bytes)
Event: 21344.670 Thread 0x0000022872b42890 2732   !   3       java.awt.Toolkit::setDesktopProperty (81 bytes)
Event: 21344.672 Thread 0x0000022872b42890 nmethod 2732 0x000002285c2f3590 code [0x000002285c2f37a0, 0x000002285c2f3fb0]
Event: 21344.674 Thread 0x0000022845140f70 nmethod 2731 0x0000022863c37810 code [0x0000022863c379a0, 0x0000022863c37a80]
Event: 21344.849 Thread 0x0000022872b42890 2733       3       java.awt.EventDispatchThread::pumpEventsForFilter (47 bytes)
Event: 21344.851 Thread 0x0000022872b42890 nmethod 2733 0x000002285c2f4290 code [0x000002285c2f4480, 0x000002285c2f48c0]
Event: 22605.745 Thread 0x0000022872b42890 2734   !   3       java.util.concurrent.ConcurrentHashMap::replaceNode (437 bytes)
Event: 22605.750 Thread 0x0000022872b42890 nmethod 2734 0x000002285c2f4a90 code [0x000002285c2f4e00, 0x000002285c2f6588]
Event: 22605.756 Thread 0x0000022872b42890 2735       3       sun.nio.cs.SingleByte$Encoder::encode (32 bytes)
Event: 22605.757 Thread 0x0000022872b42890 nmethod 2735 0x000002285c2f7290 code [0x000002285c2f7440, 0x000002285c2f7620]
Event: 22605.769 Thread 0x0000022872b42890 2736       3       jdk.internal.misc.InternalLock::lock (8 bytes)
Event: 22605.769 Thread 0x0000022872b42890 nmethod 2736 0x000002285c2f7790 code [0x000002285c2f7960, 0x000002285c2f7d00]
Event: 22605.770 Thread 0x0000022872b42890 2737       3       jdk.internal.misc.InternalLock::unlock (8 bytes)
Event: 22605.770 Thread 0x0000022872b42890 nmethod 2737 0x000002285c2f7e90 code [0x000002285c2f8060, 0x000002285c2f8430]
Event: 22605.791 Thread 0x0000022872b42890 2738       3       java.nio.Buffer::remaining (20 bytes)
Event: 22605.791 Thread 0x0000022872b42890 nmethod 2738 0x000002285c2f8590 code [0x000002285c2f8720, 0x000002285c2f88a0]
Event: 22605.804 Thread 0x0000022845140f70 2739       4       java.awt.EventQueue::postEvent (172 bytes)
Event: 22605.811 Thread 0x0000022872b42890 2740       3       sun.font.FileFontStrike::getGlyphAdvance (397 bytes)

GC Heap History (20 events):
Event: 1078.989 GC heap before
{Heap before GC invocations=1 (full 0):
 garbage-first heap   total reserved 4147200K, committed 260096K, used 60014K [0x0000000702e00000, 0x0000000800000000)
  region size 2048K, 22 young (45056K), 2 survivors (4096K)
 Metaspace       used 9419K, committed 9600K, reserved 1114112K
  class space    used 970K, committed 1024K, reserved 1048576K
}
Event: 1079.004 GC heap after
{Heap after GC invocations=2 (full 0):
 garbage-first heap   total reserved 4147200K, committed 260096K, used 10873K [0x0000000702e00000, 0x0000000800000000)
  region size 2048K, 2 young (4096K), 2 survivors (4096K)
 Metaspace       used 9419K, committed 9600K, reserved 1114112K
  class space    used 970K, committed 1024K, reserved 1048576K
}
Event: 1238.138 GC heap before
{Heap before GC invocations=2 (full 0):
 garbage-first heap   total reserved 4147200K, committed 260096K, used 162425K [0x0000000702e00000, 0x0000000800000000)
  region size 2048K, 76 young (155648K), 2 survivors (4096K)
 Metaspace       used 9423K, committed 9600K, reserved 1114112K
  class space    used 970K, committed 1024K, reserved 1048576K
}
Event: 1238.153 GC heap after
{Heap after GC invocations=3 (full 0):
 garbage-first heap   total reserved 4147200K, committed 260096K, used 10996K [0x0000000702e00000, 0x0000000800000000)
  region size 2048K, 2 young (4096K), 2 survivors (4096K)
 Metaspace       used 9423K, committed 9600K, reserved 1114112K
  class space    used 970K, committed 1024K, reserved 1048576K
}
Event: 1302.933 GC heap before
{Heap before GC invocations=3 (full 0):
 garbage-first heap   total reserved 4147200K, committed 260096K, used 162548K [0x0000000702e00000, 0x0000000800000000)
  region size 2048K, 76 young (155648K), 2 survivors (4096K)
 Metaspace       used 9423K, committed 9600K, reserved 1114112K
  class space    used 970K, committed 1024K, reserved 1048576K
}
Event: 1302.948 GC heap after
{Heap after GC invocations=4 (full 0):
 garbage-first heap   total reserved 4147200K, committed 260096K, used 11062K [0x0000000702e00000, 0x0000000800000000)
  region size 2048K, 2 young (4096K), 2 survivors (4096K)
 Metaspace       used 9423K, committed 9600K, reserved 1114112K
  class space    used 970K, committed 1024K, reserved 1048576K
}
Event: 1368.113 GC heap before
{Heap before GC invocations=4 (full 0):
 garbage-first heap   total reserved 4147200K, committed 260096K, used 162614K [0x0000000702e00000, 0x0000000800000000)
  region size 2048K, 76 young (155648K), 2 survivors (4096K)
 Metaspace       used 9423K, committed 9600K, reserved 1114112K
  class space    used 970K, committed 1024K, reserved 1048576K
}
Event: 1368.129 GC heap after
{Heap after GC invocations=5 (full 0):
 garbage-first heap   total reserved 4147200K, committed 260096K, used 11004K [0x0000000702e00000, 0x0000000800000000)
  region size 2048K, 2 young (4096K), 2 survivors (4096K)
 Metaspace       used 9423K, committed 9600K, reserved 1114112K
  class space    used 970K, committed 1024K, reserved 1048576K
}
Event: 1433.452 GC heap before
{Heap before GC invocations=5 (full 0):
 garbage-first heap   total reserved 4147200K, committed 260096K, used 162556K [0x0000000702e00000, 0x0000000800000000)
  region size 2048K, 76 young (155648K), 2 survivors (4096K)
 Metaspace       used 9424K, committed 9600K, reserved 1114112K
  class space    used 970K, committed 1024K, reserved 1048576K
}
Event: 1433.464 GC heap after
{Heap after GC invocations=6 (full 0):
 garbage-first heap   total reserved 4147200K, committed 260096K, used 11030K [0x0000000702e00000, 0x0000000800000000)
  region size 2048K, 2 young (4096K), 2 survivors (4096K)
 Metaspace       used 9424K, committed 9600K, reserved 1114112K
  class space    used 970K, committed 1024K, reserved 1048576K
}
Event: 1498.842 GC heap before
{Heap before GC invocations=6 (full 0):
 garbage-first heap   total reserved 4147200K, committed 260096K, used 162582K [0x0000000702e00000, 0x0000000800000000)
  region size 2048K, 76 young (155648K), 2 survivors (4096K)
 Metaspace       used 9424K, committed 9600K, reserved 1114112K
  class space    used 970K, committed 1024K, reserved 1048576K
}
Event: 1498.855 GC heap after
{Heap after GC invocations=7 (full 0):
 garbage-first heap   total reserved 4147200K, committed 260096K, used 10942K [0x0000000702e00000, 0x0000000800000000)
  region size 2048K, 2 young (4096K), 2 survivors (4096K)
 Metaspace       used 9424K, committed 9600K, reserved 1114112K
  class space    used 970K, committed 1024K, reserved 1048576K
}
Event: 9869.064 GC heap before
{Heap before GC invocations=7 (full 0):
 garbage-first heap   total reserved 4147200K, committed 260096K, used 162494K [0x0000000702e00000, 0x0000000800000000)
  region size 2048K, 76 young (155648K), 2 survivors (4096K)
 Metaspace       used 9426K, committed 9600K, reserved 1114112K
  class space    used 972K, committed 1024K, reserved 1048576K
}
Event: 9869.070 GC heap after
{Heap after GC invocations=8 (full 0):
 garbage-first heap   total reserved 4147200K, committed 260096K, used 10997K [0x0000000702e00000, 0x0000000800000000)
  region size 2048K, 2 young (4096K), 2 survivors (4096K)
 Metaspace       used 9426K, committed 9600K, reserved 1114112K
  class space    used 972K, committed 1024K, reserved 1048576K
}
Event: 21120.298 GC heap before
{Heap before GC invocations=8 (full 0):
 garbage-first heap   total reserved 4147200K, committed 260096K, used 162549K [0x0000000702e00000, 0x0000000800000000)
  region size 2048K, 76 young (155648K), 2 survivors (4096K)
 Metaspace       used 9434K, committed 9600K, reserved 1114112K
  class space    used 972K, committed 1024K, reserved 1048576K
}
Event: 21120.304 GC heap after
{Heap after GC invocations=9 (full 0):
 garbage-first heap   total reserved 4147200K, committed 260096K, used 10714K [0x0000000702e00000, 0x0000000800000000)
  region size 2048K, 2 young (4096K), 2 survivors (4096K)
 Metaspace       used 9434K, committed 9600K, reserved 1114112K
  class space    used 972K, committed 1024K, reserved 1048576K
}
Event: 21186.219 GC heap before
{Heap before GC invocations=9 (full 0):
 garbage-first heap   total reserved 4147200K, committed 260096K, used 162266K [0x0000000702e00000, 0x0000000800000000)
  region size 2048K, 76 young (155648K), 2 survivors (4096K)
 Metaspace       used 9434K, committed 9600K, reserved 1114112K
  class space    used 972K, committed 1024K, reserved 1048576K
}
Event: 21186.230 GC heap after
{Heap after GC invocations=10 (full 0):
 garbage-first heap   total reserved 4147200K, committed 260096K, used 10678K [0x0000000702e00000, 0x0000000800000000)
  region size 2048K, 2 young (4096K), 2 survivors (4096K)
 Metaspace       used 9434K, committed 9600K, reserved 1114112K
  class space    used 972K, committed 1024K, reserved 1048576K
}
Event: 21252.021 GC heap before
{Heap before GC invocations=10 (full 0):
 garbage-first heap   total reserved 4147200K, committed 260096K, used 162230K [0x0000000702e00000, 0x0000000800000000)
  region size 2048K, 76 young (155648K), 2 survivors (4096K)
 Metaspace       used 9434K, committed 9600K, reserved 1114112K
  class space    used 972K, committed 1024K, reserved 1048576K
}
Event: 21252.032 GC heap after
{Heap after GC invocations=11 (full 0):
 garbage-first heap   total reserved 4147200K, committed 260096K, used 10596K [0x0000000702e00000, 0x0000000800000000)
  region size 2048K, 2 young (4096K), 2 survivors (4096K)
 Metaspace       used 9434K, committed 9600K, reserved 1114112K
  class space    used 972K, committed 1024K, reserved 1048576K
}

Dll operation events (8 events):
Event: 0.023 Loaded shared library C:\Program Files\OpenJDK\jdk-22.0.2\bin\java.dll
Event: 0.088 Loaded shared library C:\Program Files\OpenJDK\jdk-22.0.2\bin\jsvml.dll
Event: 0.170 Loaded shared library C:\Program Files\OpenJDK\jdk-22.0.2\bin\jimage.dll
Event: 0.214 Loaded shared library C:\Program Files\OpenJDK\jdk-22.0.2\bin\awt.dll
Event: 0.746 Loaded shared library C:\Program Files\OpenJDK\jdk-22.0.2\bin\freetype.dll
Event: 0.752 Loaded shared library C:\Program Files\OpenJDK\jdk-22.0.2\bin\fontmanager.dll
Event: 0.965 Loaded shared library C:\Program Files\OpenJDK\jdk-22.0.2\bin\net.dll
Event: 0.971 Loaded shared library C:\Program Files\OpenJDK\jdk-22.0.2\bin\nio.dll

Deoptimization events (20 events):
Event: 22605.803 Thread 0x0000022845453bd0 Uncommon trap: trap_request=0xffffffc6 fr.pc=0x00000228639d1be0 relative=0x0000000000000480
Event: 22605.803 Thread 0x0000022845453bd0 Uncommon trap: reason=bimorphic_or_optimized_type_check action=maybe_recompile pc=0x00000228639d1be0 method=java.util.concurrent.ConcurrentHashMap.get(Ljava/lang/Object;)Ljava/lang/Object; @ 149 c2
Event: 22605.803 Thread 0x0000022845453bd0 DEOPT PACKING pc=0x00000228639d1be0 sp=0x0000008628bfe640
Event: 22605.803 Thread 0x0000022845453bd0 DEOPT UNPACKING pc=0x00000228634046a2 sp=0x0000008628bfe5d0 mode 2
Event: 22605.803 Thread 0x0000022845453bd0 Uncommon trap: trap_request=0xffffffc6 fr.pc=0x00000228639d1be0 relative=0x0000000000000480
Event: 22605.803 Thread 0x0000022845453bd0 Uncommon trap: reason=bimorphic_or_optimized_type_check action=maybe_recompile pc=0x00000228639d1be0 method=java.util.concurrent.ConcurrentHashMap.get(Ljava/lang/Object;)Ljava/lang/Object; @ 149 c2
Event: 22605.803 Thread 0x0000022845453bd0 DEOPT PACKING pc=0x00000228639d1be0 sp=0x0000008628bfe680
Event: 22605.803 Thread 0x0000022845453bd0 DEOPT UNPACKING pc=0x00000228634046a2 sp=0x0000008628bfe610 mode 2
Event: 22605.805 Thread 0x0000022845453bd0 Uncommon trap: trap_request=0xffffffc6 fr.pc=0x00000228639d1be0 relative=0x0000000000000480
Event: 22605.805 Thread 0x0000022845453bd0 Uncommon trap: reason=bimorphic_or_optimized_type_check action=maybe_recompile pc=0x00000228639d1be0 method=java.util.concurrent.ConcurrentHashMap.get(Ljava/lang/Object;)Ljava/lang/Object; @ 149 c2
Event: 22605.805 Thread 0x0000022845453bd0 DEOPT PACKING pc=0x00000228639d1be0 sp=0x0000008628bfe6d0
Event: 22605.805 Thread 0x0000022845453bd0 DEOPT UNPACKING pc=0x00000228634046a2 sp=0x0000008628bfe660 mode 2
Event: 22605.805 Thread 0x0000022845453bd0 Uncommon trap: trap_request=0xffffff45 fr.pc=0x0000022863af2a60 relative=0x0000000000000220
Event: 22605.805 Thread 0x0000022845453bd0 Uncommon trap: reason=unstable_if action=reinterpret pc=0x0000022863af2a60 method=sun.font.FileFontStrike.getCachedGlyphPtrInternal(I)J @ 99 c2
Event: 22605.805 Thread 0x0000022845453bd0 DEOPT PACKING pc=0x0000022863af2a60 sp=0x0000008628bfe440
Event: 22605.805 Thread 0x0000022845453bd0 DEOPT UNPACKING pc=0x00000228634046a2 sp=0x0000008628bfe348 mode 2
Event: 22605.809 Thread 0x0000022845453bd0 Uncommon trap: trap_request=0xffffff45 fr.pc=0x00000228639bbb3c relative=0x000000000000011c
Event: 22605.809 Thread 0x0000022845453bd0 Uncommon trap: reason=unstable_if action=reinterpret pc=0x00000228639bbb3c method=sun.font.FileFontStrike.getCachedGlyphPtrInternal(I)J @ 99 c2
Event: 22605.809 Thread 0x0000022845453bd0 DEOPT PACKING pc=0x00000228639bbb3c sp=0x0000008628bfe3b0
Event: 22605.809 Thread 0x0000022845453bd0 DEOPT UNPACKING pc=0x00000228634046a2 sp=0x0000008628bfe340 mode 2

Classes loaded (20 events):
Event: 9860.968 Loading class java/awt/desktop/SystemEventListener done
Event: 9860.968 Loading class java/awt/desktop/SystemSleepListener done
Event: 22605.748 Loading class java/util/WeakHashMap$KeyIterator
Event: 22605.748 Loading class java/util/WeakHashMap$HashIterator
Event: 22605.748 Loading class java/util/WeakHashMap$HashIterator done
Event: 22605.748 Loading class java/util/WeakHashMap$KeyIterator done
Event: 22605.750 Loading class java/awt/IllegalComponentStateException
Event: 22605.750 Loading class java/awt/IllegalComponentStateException done
Event: 22605.750 Loading class java/lang/InterruptedException
Event: 22605.751 Loading class java/lang/InterruptedException done
Event: 22605.752 Loading class java/lang/Throwable$WrappedPrintStream
Event: 22605.753 Loading class java/lang/Throwable$PrintStreamOrWriter
Event: 22605.753 Loading class java/lang/Throwable$PrintStreamOrWriter done
Event: 22605.753 Loading class java/lang/Throwable$WrappedPrintStream done
Event: 22605.755 Loading class java/lang/StackTraceElement$HashedModules
Event: 22605.756 Loading class java/lang/StackTraceElement$HashedModules done
Event: 22605.768 Loading class java/awt/AWTError
Event: 22605.768 Loading class java/awt/AWTError done
Event: 22605.802 Loading class java/awt/geom/NoninvertibleTransformException
Event: 22605.802 Loading class java/awt/geom/NoninvertibleTransformException done

Classes unloaded (0 events):
No events

Classes redefined (0 events):
No events

Internal exceptions (15 events):
Event: 0.188 Thread 0x0000022853b39670 Exception <a 'java/lang/ClassNotFoundException'{0x0000000712838ae8}: sun/awt/resources/spi/awtProvider> (0x0000000712838ae8) 
thrown [s\open\src\hotspot\share\classfile\systemDictionary.cpp, line 313]
Event: 0.239 Thread 0x0000022853b39670 Exception <a 'java/io/FileNotFoundException'{0x000000071290c480}> (0x000000071290c480) 
thrown [s\open\src\hotspot\share\prims\jni.cpp, line 520]
Event: 0.256 Thread 0x0000022853b39670 Exception <a 'java/io/FileNotFoundException'{0x000000071293a708}> (0x000000071293a708) 
thrown [s\open\src\hotspot\share\prims\jni.cpp, line 520]
Event: 0.429 Thread 0x0000022845453bd0 Exception <a 'java/lang/NoSuchMethodError'{0x00000007126b1aa0}: 'void java.lang.invoke.DirectMethodHandle$Holder.invokeSpecial(java.lang.Object, java.lang.Object, java.lang.Object)'> (0x00000007126b1aa0) 
thrown [s\open\src\hotspot\share\interpreter\linkResolver.cpp, line 774]
Event: 0.444 Thread 0x0000022845453bd0 Exception <a 'java/lang/NoSuchMethodError'{0x00000007126d7de8}: 'java.lang.Object java.lang.invoke.DirectMethodHandle$Holder.newInvokeSpecial(java.lang.Object, java.lang.Object, java.lang.Object, java.lang.Object, java.lang.Object)'> (0x00000007126d7de8) 
thrown [s\open\src\hotspot\share\interpreter\linkResolver.cpp, line 774]
Event: 0.457 Thread 0x0000022845453bd0 Exception <a 'java/lang/NoSuchMethodError'{0x000000071277f800}: 'java.lang.Object java.lang.invoke.DirectMethodHandle$Holder.invokeStatic(java.lang.Object, int, java.lang.Object)'> (0x000000071277f800) 
thrown [s\open\src\hotspot\share\interpreter\linkResolver.cpp, line 774]
Event: 0.512 Thread 0x0000022845453bd0 Exception <a 'java/lang/ClassNotFoundException'{0x0000000712421a30}: com/sun/swing/internal/plaf/metal/resources/spi/metalProvider> (0x0000000712421a30) 
thrown [s\open\src\hotspot\share\classfile\systemDictionary.cpp, line 313]
Event: 0.514 Thread 0x0000022845453bd0 Exception <a 'java/lang/ClassNotFoundException'{0x0000000712425a10}: com/sun/swing/internal/plaf/basic/resources/spi/basicProvider> (0x0000000712425a10) 
thrown [s\open\src\hotspot\share\classfile\systemDictionary.cpp, line 313]
Event: 0.536 Thread 0x0000022845453bd0 Exception <a 'java/lang/NoSuchMethodError'{0x0000000712445790}: 'int java.lang.invoke.Invokers$Holder.invokeExact_MT(java.lang.Object, java.lang.Object)'> (0x0000000712445790) 
thrown [s\open\src\hotspot\share\interpreter\linkResolver.cpp, line 774]
Event: 0.671 Thread 0x0000022845441bf0 Exception <a 'java/lang/NoSuchMethodError'{0x000000071260e8d8}: 'void java.lang.invoke.DirectMethodHandle$Holder.invokeVirtual(java.lang.Object, java.lang.Object)'> (0x000000071260e8d8) 
thrown [s\open\src\hotspot\share\interpreter\linkResolver.cpp, line 774]
Event: 0.730 Thread 0x0000022845453bd0 Exception <a 'java/lang/NoSuchMethodError'{0x00000007124ab718}: 'void java.lang.invoke.DirectMethodHandle$Holder.invokeStaticInit(java.lang.Object)'> (0x00000007124ab718) 
thrown [s\open\src\hotspot\share\interpreter\linkResolver.cpp, line 774]
Event: 6.701 Thread 0x0000022845453bd0 Exception <a 'java/lang/NoSuchMethodError'{0x0000000712253150}: 'void java.lang.invoke.DirectMethodHandle$Holder.invokeStatic(java.lang.Object, java.lang.Object, java.lang.Object, java.lang.Object)'> (0x0000000712253150) 
thrown [s\open\src\hotspot\share\interpreter\linkResolver.cpp, line 774]
Event: 33.751 Thread 0x0000022845453bd0 Implicit null exception at 0x0000022863a83085 to 0x0000022863a831ec
Event: 22605.805 Thread 0x0000022845453bd0 Implicit null exception at 0x0000022863af28c4 to 0x0000022863af2a50
Event: 22605.809 Thread 0x0000022845453bd0 Implicit null exception at 0x00000228639bba87 to 0x00000228639bbb30

ZGC Phase Switch (0 events):
No events

VM Operations (20 events):
Event: 1498.842 Executing VM operation: G1CollectForAllocation (G1 Evacuation Pause)
Event: 1498.855 Executing VM operation: G1CollectForAllocation (G1 Evacuation Pause) done
Event: 2660.904 Executing VM operation: HandshakeAllThreads (HandshakeForDeflation)
Event: 2660.904 Executing VM operation: HandshakeAllThreads (HandshakeForDeflation) done
Event: 2660.904 Executing VM operation: RendezvousGCThreads
Event: 2660.904 Executing VM operation: RendezvousGCThreads done
Event: 9869.064 Executing VM operation: G1CollectForAllocation (G1 Evacuation Pause)
Event: 9869.070 Executing VM operation: G1CollectForAllocation (G1 Evacuation Pause) done
Event: 21076.586 Executing VM operation: Cleanup
Event: 21076.586 Executing VM operation: Cleanup done
Event: 21077.589 Executing VM operation: Cleanup
Event: 21077.589 Executing VM operation: Cleanup done
Event: 21120.298 Executing VM operation: G1CollectForAllocation (G1 Evacuation Pause)
Event: 21120.304 Executing VM operation: G1CollectForAllocation (G1 Evacuation Pause) done
Event: 21186.219 Executing VM operation: G1CollectForAllocation (G1 Evacuation Pause)
Event: 21186.230 Executing VM operation: G1CollectForAllocation (G1 Evacuation Pause) done
Event: 21252.021 Executing VM operation: G1CollectForAllocation (G1 Evacuation Pause)
Event: 21252.033 Executing VM operation: G1CollectForAllocation (G1 Evacuation Pause) done
Event: 21345.243 Executing VM operation: Cleanup
Event: 21345.243 Executing VM operation: Cleanup done

Memory protections (0 events):
No events

Nmethod flushes (0 events):
No events

Events (20 events):
Event: 0.082 Thread 0x0000022853b39670 Thread added: 0x0000022872b1f390
Event: 0.083 Thread 0x0000022853b39670 Thread added: 0x0000022872b2f1e0
Event: 0.083 Thread 0x0000022853b39670 Thread added: 0x0000022872b2fab0
Event: 0.083 Thread 0x0000022853b39670 Thread added: 0x0000022872b34d00
Event: 0.083 Thread 0x0000022853b39670 Thread added: 0x00000228451401c0
Event: 0.084 Thread 0x0000022853b39670 Thread added: 0x0000022845140f70
Event: 0.084 Thread 0x0000022853b39670 Thread added: 0x0000022872b42890
Event: 0.121 Thread 0x0000022853b39670 Thread added: 0x00000228452bfbb0
Event: 0.126 Thread 0x0000022853b39670 Thread added: 0x00000228452c2a40
Event: 0.339 Thread 0x0000022853b39670 Thread added: 0x000002284543d960
Event: 0.342 Thread 0x0000022853b39670 Thread added: 0x0000022845440c10
Event: 0.345 Thread 0x0000022853b39670 Thread added: 0x0000022845441bf0
Event: 0.366 Thread 0x0000022853b39670 Thread added: 0x0000022845453bd0
Event: 0.366 Thread 0x0000022853b39670 Thread exited: 0x0000022853b39670
Event: 0.367 Thread 0x0000022853b39670 Thread added: 0x0000022853b39670
Event: 6.647 Thread 0x0000022845453bd0 Thread added: 0x00000228451f14e0
Event: 6.851 Thread 0x0000022872b42890 Thread added: 0x0000022846737150
Event: 8.691 Thread 0x0000022846737150 Thread exited: 0x0000022846737150
Event: 1238.209 Thread 0x0000022845140f70 Thread added: 0x0000022848779f30
Event: 1239.922 Thread 0x0000022848779f30 Thread exited: 0x0000022848779f30


Dynamic libraries:
0x00007ff61d9e0000 - 0x00007ff61d9ee000 	C:\Program Files\OpenJDK\jdk-22.0.2\bin\java.exe
0x00007ffccae80000 - 0x00007ffccb0e7000 	C:\WINDOWS\SYSTEM32\ntdll.dll
0x00007ffcc95e0000 - 0x00007ffcc96a9000 	C:\WINDOWS\System32\KERNEL32.DLL
0x00007ffcc8490000 - 0x00007ffcc8880000 	C:\WINDOWS\System32\KERNELBASE.dll
0x00007ffcc8080000 - 0x00007ffcc81cb000 	C:\WINDOWS\System32\ucrtbase.dll
0x00007ffcbf5c0000 - 0x00007ffcbf5db000 	C:\Program Files\OpenJDK\jdk-22.0.2\bin\VCRUNTIME140.dll
0x00007ffcbf8e0000 - 0x00007ffcbf8f7000 	C:\Program Files\OpenJDK\jdk-22.0.2\bin\jli.dll
0x00007ffcca130000 - 0x00007ffcca2f5000 	C:\WINDOWS\System32\USER32.dll
0x00007ffcc7fb0000 - 0x00007ffcc7fd7000 	C:\WINDOWS\System32\win32u.dll
0x00007ffcab610000 - 0x00007ffcab8aa000 	C:\WINDOWS\WinSxS\amd64_microsoft.windows.common-controls_6595b64144ccf1df_6.0.26100.4768_none_3e0c112ce331287c\COMCTL32.dll
0x00007ffcc96f0000 - 0x00007ffcc971b000 	C:\WINDOWS\System32\GDI32.dll
0x00007ffccac10000 - 0x00007ffccacb9000 	C:\WINDOWS\System32\msvcrt.dll
0x00007ffcc8ad0000 - 0x00007ffcc8c08000 	C:\WINDOWS\System32\gdi32full.dll
0x00007ffcc83e0000 - 0x00007ffcc8483000 	C:\WINDOWS\System32\msvcp_win.dll
0x00007ffcc96b0000 - 0x00007ffcc96df000 	C:\WINDOWS\System32\IMM32.DLL
0x00007ffcc1820000 - 0x00007ffcc182c000 	C:\Program Files\OpenJDK\jdk-22.0.2\bin\vcruntime140_1.dll
0x00007ffcb68c0000 - 0x00007ffcb694e000 	C:\Program Files\OpenJDK\jdk-22.0.2\bin\msvcp140.dll
0x00007ffcb13e0000 - 0x00007ffcb2129000 	C:\Program Files\OpenJDK\jdk-22.0.2\bin\server\jvm.dll
0x00007ffcca9c0000 - 0x00007ffccaa74000 	C:\WINDOWS\System32\ADVAPI32.dll
0x00007ffccacc0000 - 0x00007ffccad66000 	C:\WINDOWS\System32\sechost.dll
0x00007ffccaa80000 - 0x00007ffccab98000 	C:\WINDOWS\System32\RPCRT4.dll
0x00007ffcc9720000 - 0x00007ffcc9794000 	C:\WINDOWS\System32\WS2_32.dll
0x00007ffcc7e30000 - 0x00007ffcc7e8e000 	C:\WINDOWS\SYSTEM32\POWRPROF.dll
0x00007ffcbcfe0000 - 0x00007ffcbcfeb000 	C:\WINDOWS\SYSTEM32\VERSION.dll
0x00007ffcab8b0000 - 0x00007ffcab8e5000 	C:\WINDOWS\SYSTEM32\WINMM.dll
0x00007ffcc7e10000 - 0x00007ffcc7e24000 	C:\WINDOWS\SYSTEM32\UMPDC.dll
0x00007ffcc6d00000 - 0x00007ffcc6d1b000 	C:\WINDOWS\SYSTEM32\kernel.appcore.dll
0x00007ffcbf660000 - 0x00007ffcbf66a000 	C:\Program Files\OpenJDK\jdk-22.0.2\bin\jimage.dll
0x00007ffcc27a0000 - 0x00007ffcc29e1000 	C:\WINDOWS\SYSTEM32\DBGHELP.DLL
0x00007ffcca400000 - 0x00007ffcca785000 	C:\WINDOWS\System32\combase.dll
0x00007ffcc8c10000 - 0x00007ffcc8cf0000 	C:\WINDOWS\System32\OLEAUT32.dll
0x00007ffcab1e0000 - 0x00007ffcab223000 	C:\WINDOWS\SYSTEM32\dbgcore.DLL
0x00007ffcc7fe0000 - 0x00007ffcc8079000 	C:\WINDOWS\System32\bcryptPrimitives.dll
0x00007ffcbf5a0000 - 0x00007ffcbf5be000 	C:\Program Files\OpenJDK\jdk-22.0.2\bin\java.dll
0x00007ffcc8e40000 - 0x00007ffcc958d000 	C:\WINDOWS\System32\SHELL32.dll
0x00007ffcc8890000 - 0x00007ffcc8a03000 	C:\WINDOWS\System32\wintypes.dll
0x00007ffcca810000 - 0x00007ffcca9b0000 	C:\WINDOWS\System32\ole32.dll
0x00007ffcc5b50000 - 0x00007ffcc63b0000 	C:\WINDOWS\SYSTEM32\windows.storage.dll
0x00007ffcca300000 - 0x00007ffcca3f5000 	C:\WINDOWS\System32\SHCORE.dll
0x00007ffcc8dd0000 - 0x00007ffcc8e3a000 	C:\WINDOWS\System32\shlwapi.dll
0x00007ffcc7ed0000 - 0x00007ffcc7ef9000 	C:\WINDOWS\SYSTEM32\profapi.dll
0x00007ffcb1300000 - 0x00007ffcb13d7000 	C:\Program Files\OpenJDK\jdk-22.0.2\bin\jsvml.dll
0x00007ffcb1170000 - 0x00007ffcb12fd000 	C:\Program Files\OpenJDK\jdk-22.0.2\bin\awt.dll
0x00007ffcc1910000 - 0x00007ffcc19ae000 	C:\WINDOWS\SYSTEM32\apphelp.dll
0x00007ffcc1ba0000 - 0x00007ffcc1c4f000 	C:\WINDOWS\system32\uxtheme.dll
0x00007ffcc9fb0000 - 0x00007ffcca111000 	C:\WINDOWS\System32\MSCTF.dll
0x00007ffcc1e80000 - 0x00007ffcc1eb5000 	C:\WINDOWS\system32\DWMAPI.DLL
0x00007ffc96d60000 - 0x00007ffc96e78000 	C:\WINDOWS\system32\opengl32.dll
0x00007ffc96d30000 - 0x00007ffc96d5d000 	C:\WINDOWS\SYSTEM32\GLU32.dll
0x00007ffcc1e10000 - 0x00007ffcc1e5d000 	C:\WINDOWS\SYSTEM32\dxcore.dll
0x00007ffcb10e0000 - 0x00007ffcb1167000 	C:\Program Files\OpenJDK\jdk-22.0.2\bin\freetype.dll
0x00007ffcb1000000 - 0x00007ffcb10d7000 	C:\Program Files\OpenJDK\jdk-22.0.2\bin\fontmanager.dll
0x00007ffcc8d20000 - 0x00007ffcc8dc8000 	C:\WINDOWS\System32\clbcatq.dll
0x00007ffcbffd0000 - 0x00007ffcc020f000 	C:\WINDOWS\SYSTEM32\WindowsCodecs.dll
0x00007ffc8f1d0000 - 0x00007ffc8f22a000 	C:\WINDOWS\system32\dataexchange.dll
0x00007ffcb7820000 - 0x00007ffcb7a58000 	C:\WINDOWS\system32\twinapi.appcore.dll
0x00007ffcbf590000 - 0x00007ffcbf5a0000 	C:\Program Files\OpenJDK\jdk-22.0.2\bin\net.dll
0x00007ffcc72c0000 - 0x00007ffcc732b000 	C:\WINDOWS\system32\mswsock.dll
0x00007ffcb6ee0000 - 0x00007ffcb6ef6000 	C:\Program Files\OpenJDK\jdk-22.0.2\bin\nio.dll
0x00007ffcb4f40000 - 0x00007ffcb5091000 	C:\WINDOWS\SYSTEM32\textinputframework.dll
0x00007ffcc1530000 - 0x00007ffcc1655000 	C:\WINDOWS\SYSTEM32\CoreMessaging.dll
0x00007ffcbd1c0000 - 0x00007ffcbd4a3000 	C:\WINDOWS\SYSTEM32\CoreUIComponents.dll
0x00007ffcc75a0000 - 0x00007ffcc75ac000 	C:\WINDOWS\SYSTEM32\CRYPTBASE.DLL
0x00007ffc918e0000 - 0x00007ffc91966000 	C:\WINDOWS\system32\Ninput.dll

dbghelp: loaded successfully - version: 4.0.5 - missing functions: none
symbol engine: initialized successfully - sym options: 0x614 - pdb path: .;C:\Program Files\OpenJDK\jdk-22.0.2\bin;C:\WINDOWS\SYSTEM32;C:\WINDOWS\WinSxS\amd64_microsoft.windows.common-controls_6595b64144ccf1df_6.0.26100.4768_none_3e0c112ce331287c;C:\Program Files\OpenJDK\jdk-22.0.2\bin\server

VM Arguments:
java_command: AgriDVRVisualizer
java_class_path (initial): bin
Launcher Type: SUN_STANDARD

[Global flags]
     intx CICompilerCount                          = 4                                         {product} {ergonomic}
     uint ConcGCThreads                            = 2                                         {product} {ergonomic}
     uint G1ConcRefinementThreads                  = 8                                         {product} {ergonomic}
   size_t G1HeapRegionSize                         = 2097152                                   {product} {ergonomic}
   size_t InitialHeapSize                          = 266338304                                 {product} {ergonomic}
   size_t MarkStackSize                            = 4194304                                   {product} {ergonomic}
   size_t MaxHeapSize                              = 4246732800                                {product} {ergonomic}
   size_t MaxNewSize                               = 2548039680                                {product} {ergonomic}
   size_t MinHeapDeltaBytes                        = 2097152                                   {product} {ergonomic}
   size_t MinHeapSize                              = 8388608                                   {product} {ergonomic}
    uintx NonNMethodCodeHeapSize                   = 5839372                                {pd product} {ergonomic}
    uintx NonProfiledCodeHeapSize                  = 122909434                              {pd product} {ergonomic}
    uintx ProfiledCodeHeapSize                     = 122909434                              {pd product} {ergonomic}
    uintx ReservedCodeCacheSize                    = 251658240                              {pd product} {ergonomic}
     bool SegmentedCodeCache                       = true                                      {product} {ergonomic}
   size_t SoftMaxHeapSize                          = 4246732800                             {manageable} {ergonomic}
     bool UseCompressedOops                        = true                           {product lp64_product} {ergonomic}
     bool UseG1GC                                  = true                                      {product} {ergonomic}
     bool UseLargePagesIndividualAllocation        = false                                  {pd product} {ergonomic}

Logging:
Log output configuration:
 #0: stdout all=warning uptime,level,tags foldmultilines=false
 #1: stderr all=off uptime,level,tags foldmultilines=false

Environment Variables:
JAVA_HOME=C:\Program Files\OpenJDK\jdk-22.0.2
PATH=C:\Program Files\Python313\Scripts\;C:\Program Files\Python313\;C:\WINDOWS\system32;C:\WINDOWS;C:\WINDOWS\System32\Wbem;C:\WINDOWS\System32\WindowsPowerShell\v1.0\;C:\WINDOWS\System32\OpenSSH\;C:\Program Files\Git\cmd;C:\Program Files\nodejs\;C:\ProgramData\chocolatey\bin;C:\Program Files\MongoDB\Server\8.0\bin;C:\Program Files\MongoDB\Server\8.0\bin;C:\Program Files\MongoDB\Server\8.0;C:\Program Files\Docker\Docker\resources\bin;C:\Program Files\OpenJDK\jdk-22.0.2\bin;C:\Program Files\OpenJDK\jdk-22.0.2;C:\Program Files\OpenJDK\jdk-22.0.2\bin;C:\Users\Dell\AppData\Local\Programs\Python\Python310\Scripts\;C:\Users\Dell\AppData\Local\Programs\Python\Python310\;C:\Users\Dell\AppData\Local\Microsoft\WindowsApps;C:\Users\Dell\AppData\Local\Programs\Microsoft VS Code\bin;C:\Program Files\JetBrains\PyCharm 2025.1.3\bin;;C:\Users\Dell\AppData\Roaming\npm;C:\Program Files\mongosh\
USERNAME=Dell
LANG=en_US.UTF-8
OS=Windows_NT
PROCESSOR_IDENTIFIER=Intel64 Family 6 Model 142 Stepping 12, GenuineIntel
TMP=C:\Users\Dell\AppData\Local\Temp
TEMP=C:\Users\Dell\AppData\Local\Temp




Periodic native trim disabled

---------------  S Y S T E M  ---------------

OS:
 Windows 11 , 64 bit Build 26100 (10.0.26100.4768)
OS uptime: 0 days 6:43 hours
Hyper-V role detected

CPU: total 8 (initial active 8) (4 cores per cpu, 2 threads per core) family 6 model 142 stepping 12 microcode 0xfc, cx8, cmov, fxsr, ht, mmx, 3dnowpref, sse, sse2, sse3, ssse3, sse4.1, sse4.2, popcnt, lzcnt, tsc, tscinvbit, avx, avx2, aes, erms, clmul, bmi1, bmi2, adx, fma, vzeroupper, clflush, clflushopt, hv, rdtscp, f16c
Processor Information for all 8 processors :
  Max Mhz: 1896, Current Mhz: 1596, Mhz Limit: 1592

Memory: 4k page, system-wide physical 16194M (8361M free)
TotalPageFile size 17218M (AvailPageFile size 7398M)
current process WorkingSet (physical memory assigned to process): 252M, peak: 268M
current process commit charge ("private bytes"): 369M, peak: 395M

vm_info: OpenJDK 64-Bit Server VM (22.0.2+9-70) for windows-amd64 JRE (22.0.2+9-70), built on 2024-06-04T16:52:23Z by "mach5one" with MS VC++ 17.6 (VS2022)

END.
